[2026-01-26T05:19:31.100044+01:00] php.INFO: User Deprecated: Since PrestaShop\PrestaShop 9: The "prestashop.adapter.cache.clearer.symfony_cache_clearer" service alias is deprecated. You should stop using it, as it will be removed in the future. {"exception":"[object] (ErrorException(code: 0): User Deprecated: Since PrestaShop\\PrestaShop 9: The \"prestashop.adapter.cache.clearer.symfony_cache_clearer\" service alias is deprecated. You should stop using it, as it will be removed in the future. at /var/www/html/var/cache/prod/admin/ContainerZciO9cc/AdminKernelProdContainer.php:5522)"} []
[2026-01-26T05:19:31.185574+01:00] app.INFO: Exporting mail with theme modern for language Français (French), Core output folder: /var/www/html/mails, Modules output folder: /var/www/html/modules/ [] []
[2026-01-26T05:19:31.220157+01:00] php.INFO: User Deprecated: Since twig/twig 3.15: Using the "deprecated", "deprecating_package", and "alternative" options is deprecated, pass a "deprecation_info" one instead. {"exception":"[object] (ErrorException(code: 0): User Deprecated: Since twig/twig 3.15: Using the \"deprecated\", \"deprecating_package\", and \"alternative\" options is deprecated, pass a \"deprecation_info\" one instead. at /var/www/html/vendor/twig/twig/src/AbstractTwigCallable.php:51)"} []
[2026-01-26T05:19:31.220680+01:00] php.INFO: User Deprecated: Since twig/twig 3.15: Using the "deprecated", "deprecating_package", and "alternative" options is deprecated, pass a "deprecation_info" one instead. {"exception":"[object] (ErrorException(code: 0): User Deprecated: Since twig/twig 3.15: Using the \"deprecated\", \"deprecating_package\", and \"alternative\" options is deprecated, pass a \"deprecation_info\" one instead. at /var/www/html/vendor/twig/twig/src/AbstractTwigCallable.php:51)"} []
[2026-01-26T05:19:33.274236+01:00] php.INFO: Deprecated: TijsVerkoyen\CssToInlineStyles\Css\Property\Processor::convertToObject(): Implicitly marking parameter $specificity as nullable is deprecated, the explicit nullable type must be used instead {"exception":"[object] (ErrorException(code: 0): Deprecated: TijsVerkoyen\\CssToInlineStyles\\Css\\Property\\Processor::convertToObject(): Implicitly marking parameter $specificity as nullable is deprecated, the explicit nullable type must be used instead at /var/www/html/vendor/tijsverkoyen/css-to-inline-styles/src/Css/Property/Processor.php:69)"} []
[2026-01-26T05:19:33.274341+01:00] php.INFO: Deprecated: TijsVerkoyen\CssToInlineStyles\Css\Property\Processor::convertArrayToObjects(): Implicitly marking parameter $specificity as nullable is deprecated, the explicit nullable type must be used instead {"exception":"[object] (ErrorException(code: 0): Deprecated: TijsVerkoyen\\CssToInlineStyles\\Css\\Property\\Processor::convertArrayToObjects(): Implicitly marking parameter $specificity as nullable is deprecated, the explicit nullable type must be used instead at /var/www/html/vendor/tijsverkoyen/css-to-inline-styles/src/Css/Property/Processor.php:94)"} []
[2026-01-26T05:19:33.274870+01:00] php.INFO: Deprecated: TijsVerkoyen\CssToInlineStyles\Css\Property\Property::__construct(): Implicitly marking parameter $specificity as nullable is deprecated, the explicit nullable type must be used instead {"exception":"[object] (ErrorException(code: 0): Deprecated: TijsVerkoyen\\CssToInlineStyles\\Css\\Property\\Property::__construct(): Implicitly marking parameter $specificity as nullable is deprecated, the explicit nullable type must be used instead at /var/www/html/vendor/tijsverkoyen/css-to-inline-styles/src/Css/Property/Property.php:30)"} []
[2026-01-26T05:19:33.283865+01:00] app.DEBUG: Generate html template account at /var/www/html/mails/fr/account.html [] []
[2026-01-26T05:19:33.288989+01:00] app.DEBUG: Generate txt template account at /var/www/html/mails/fr/account.txt [] []
[2026-01-26T05:19:33.305002+01:00] app.DEBUG: Generate html template backoffice_order at /var/www/html/mails/fr/backoffice_order.html [] []
[2026-01-26T05:19:33.308139+01:00] app.DEBUG: Generate txt template backoffice_order at /var/www/html/mails/fr/backoffice_order.txt [] []
[2026-01-26T05:19:33.341002+01:00] app.DEBUG: Generate html template bankwire at /var/www/html/mails/fr/bankwire.html [] []
[2026-01-26T05:19:33.346812+01:00] app.DEBUG: Generate txt template bankwire at /var/www/html/mails/fr/bankwire.txt [] []
[2026-01-26T05:19:33.375390+01:00] app.DEBUG: Generate html template cheque at /var/www/html/mails/fr/cheque.html [] []
[2026-01-26T05:19:33.379737+01:00] app.DEBUG: Generate txt template cheque at /var/www/html/mails/fr/cheque.txt [] []
[2026-01-26T05:19:33.398624+01:00] app.DEBUG: Generate html template contact at /var/www/html/mails/fr/contact.html [] []
[2026-01-26T05:19:33.401952+01:00] app.DEBUG: Generate txt template contact at /var/www/html/mails/fr/contact.txt [] []
[2026-01-26T05:19:33.419735+01:00] app.DEBUG: Generate html template contact_form at /var/www/html/mails/fr/contact_form.html [] []
[2026-01-26T05:19:33.424037+01:00] app.DEBUG: Generate txt template contact_form at /var/www/html/mails/fr/contact_form.txt [] []
[2026-01-26T05:19:33.478557+01:00] app.DEBUG: Generate html template credit_slip at /var/www/html/mails/fr/credit_slip.html [] []
[2026-01-26T05:19:33.482347+01:00] app.DEBUG: Generate txt template credit_slip at /var/www/html/mails/fr/credit_slip.txt [] []
[2026-01-26T05:19:33.505689+01:00] app.DEBUG: Generate html template download_product at /var/www/html/mails/fr/download_product.html [] []
[2026-01-26T05:19:33.509478+01:00] app.DEBUG: Generate txt template download_product at /var/www/html/mails/fr/download_product.txt [] []
[2026-01-26T05:19:33.527489+01:00] app.DEBUG: Generate html template employee_password at /var/www/html/mails/fr/employee_password.html [] []
[2026-01-26T05:19:33.531189+01:00] app.DEBUG: Generate txt template employee_password at /var/www/html/mails/fr/employee_password.txt [] []
[2026-01-26T05:19:33.551163+01:00] app.DEBUG: Generate html template forward_msg at /var/www/html/mails/fr/forward_msg.html [] []
[2026-01-26T05:19:33.554652+01:00] app.DEBUG: Generate txt template forward_msg at /var/www/html/mails/fr/forward_msg.txt [] []
[2026-01-26T05:19:33.573088+01:00] app.DEBUG: Generate html template guest_to_customer at /var/www/html/mails/fr/guest_to_customer.html [] []
[2026-01-26T05:19:33.576041+01:00] app.DEBUG: Generate txt template guest_to_customer at /var/www/html/mails/fr/guest_to_customer.txt [] []
[2026-01-26T05:19:33.593313+01:00] app.DEBUG: Generate html template import at /var/www/html/mails/fr/import.html [] []
[2026-01-26T05:19:33.596654+01:00] app.DEBUG: Generate txt template import at /var/www/html/mails/fr/import.txt [] []
[2026-01-26T05:19:33.618429+01:00] app.DEBUG: Generate html template in_transit at /var/www/html/mails/fr/in_transit.html [] []
[2026-01-26T05:19:33.622347+01:00] app.DEBUG: Generate txt template in_transit at /var/www/html/mails/fr/in_transit.txt [] []
[2026-01-26T05:19:33.638344+01:00] app.DEBUG: Generate html template log_alert at /var/www/html/mails/fr/log_alert.html [] []
[2026-01-26T05:19:33.641755+01:00] app.DEBUG: Generate txt template log_alert at /var/www/html/mails/fr/log_alert.txt [] []
[2026-01-26T05:19:33.656320+01:00] app.DEBUG: Generate html template newsletter at /var/www/html/mails/fr/newsletter.html [] []
[2026-01-26T05:19:33.659370+01:00] app.DEBUG: Generate txt template newsletter at /var/www/html/mails/fr/newsletter.txt [] []
[2026-01-26T05:19:33.678254+01:00] app.DEBUG: Generate html template order_canceled at /var/www/html/mails/fr/order_canceled.html [] []
[2026-01-26T05:19:33.681536+01:00] app.DEBUG: Generate txt template order_canceled at /var/www/html/mails/fr/order_canceled.txt [] []
[2026-01-26T05:19:33.724093+01:00] app.DEBUG: Generate html template order_changed at /var/www/html/mails/fr/order_changed.html [] []
[2026-01-26T05:19:33.728487+01:00] app.DEBUG: Generate txt template order_changed at /var/www/html/mails/fr/order_changed.txt [] []
[2026-01-26T05:19:33.785804+01:00] app.DEBUG: Generate html template order_conf at /var/www/html/mails/fr/order_conf.html [] []
[2026-01-26T05:19:33.791469+01:00] app.DEBUG: Generate txt template order_conf at /var/www/html/mails/fr/order_conf.txt [] []
[2026-01-26T05:19:33.817462+01:00] app.DEBUG: Generate html template order_customer_comment at /var/www/html/mails/fr/order_customer_comment.html [] []
[2026-01-26T05:19:33.822615+01:00] app.DEBUG: Generate txt template order_customer_comment at /var/www/html/mails/fr/order_customer_comment.txt [] []
[2026-01-26T05:19:33.843679+01:00] app.DEBUG: Generate html template order_merchant_comment at /var/www/html/mails/fr/order_merchant_comment.html [] []
[2026-01-26T05:19:33.847962+01:00] app.DEBUG: Generate txt template order_merchant_comment at /var/www/html/mails/fr/order_merchant_comment.txt [] []
[2026-01-26T05:19:33.866485+01:00] app.DEBUG: Generate html template order_return_state at /var/www/html/mails/fr/order_return_state.html [] []
[2026-01-26T05:19:33.869850+01:00] app.DEBUG: Generate txt template order_return_state at /var/www/html/mails/fr/order_return_state.txt [] []
[2026-01-26T05:19:33.893769+01:00] app.DEBUG: Generate html template outofstock at /var/www/html/mails/fr/outofstock.html [] []
[2026-01-26T05:19:33.897737+01:00] app.DEBUG: Generate txt template outofstock at /var/www/html/mails/fr/outofstock.txt [] []
[2026-01-26T05:19:33.912664+01:00] app.DEBUG: Generate html template password at /var/www/html/mails/fr/password.html [] []
[2026-01-26T05:19:33.915492+01:00] app.DEBUG: Generate txt template password at /var/www/html/mails/fr/password.txt [] []
[2026-01-26T05:19:33.935285+01:00] app.DEBUG: Generate html template password_query at /var/www/html/mails/fr/password_query.html [] []
[2026-01-26T05:19:33.938634+01:00] app.DEBUG: Generate txt template password_query at /var/www/html/mails/fr/password_query.txt [] []
[2026-01-26T05:19:33.962135+01:00] app.DEBUG: Generate html template payment at /var/www/html/mails/fr/payment.html [] []
[2026-01-26T05:19:33.965514+01:00] app.DEBUG: Generate txt template payment at /var/www/html/mails/fr/payment.txt [] []
[2026-01-26T05:19:33.985487+01:00] app.DEBUG: Generate html template payment_error at /var/www/html/mails/fr/payment_error.html [] []
[2026-01-26T05:19:33.989013+01:00] app.DEBUG: Generate txt template payment_error at /var/www/html/mails/fr/payment_error.txt [] []
[2026-01-26T05:19:34.008777+01:00] app.DEBUG: Generate html template preparation at /var/www/html/mails/fr/preparation.html [] []
[2026-01-26T05:19:34.012341+01:00] app.DEBUG: Generate txt template preparation at /var/www/html/mails/fr/preparation.txt [] []
[2026-01-26T05:19:34.058306+01:00] app.DEBUG: Generate html template productoutofstock at /var/www/html/mails/fr/productoutofstock.html [] []
[2026-01-26T05:19:34.061968+01:00] app.DEBUG: Generate txt template productoutofstock at /var/www/html/mails/fr/productoutofstock.txt [] []
[2026-01-26T05:19:34.082626+01:00] app.DEBUG: Generate html template refund at /var/www/html/mails/fr/refund.html [] []
[2026-01-26T05:19:34.087087+01:00] app.DEBUG: Generate txt template refund at /var/www/html/mails/fr/refund.txt [] []
[2026-01-26T05:19:34.104044+01:00] app.DEBUG: Generate html template reply_msg at /var/www/html/mails/fr/reply_msg.html [] []
[2026-01-26T05:19:34.108145+01:00] app.DEBUG: Generate txt template reply_msg at /var/www/html/mails/fr/reply_msg.txt [] []
[2026-01-26T05:19:34.127919+01:00] app.DEBUG: Generate html template shipped at /var/www/html/mails/fr/shipped.html [] []
[2026-01-26T05:19:34.132129+01:00] app.DEBUG: Generate txt template shipped at /var/www/html/mails/fr/shipped.txt [] []
[2026-01-26T05:19:34.151122+01:00] app.DEBUG: Generate html template test at /var/www/html/mails/fr/test.html [] []
[2026-01-26T05:19:34.154787+01:00] app.DEBUG: Generate txt template test at /var/www/html/mails/fr/test.txt [] []
[2026-01-26T05:19:34.172444+01:00] app.DEBUG: Generate html template voucher at /var/www/html/mails/fr/voucher.html [] []
[2026-01-26T05:19:34.175636+01:00] app.DEBUG: Generate txt template voucher at /var/www/html/mails/fr/voucher.txt [] []
[2026-01-26T05:19:34.195903+01:00] app.DEBUG: Generate html template voucher_new at /var/www/html/mails/fr/voucher_new.html [] []
[2026-01-26T05:19:34.198654+01:00] app.DEBUG: Generate txt template voucher_new at /var/www/html/mails/fr/voucher_new.txt [] []
[2026-01-26T05:19:34.213985+01:00] app.DEBUG: Generate html template customer_qty at /var/www/html/modules//ps_emailalerts/mails/fr/customer_qty.html [] []
[2026-01-26T05:19:34.217051+01:00] app.DEBUG: Generate txt template customer_qty at /var/www/html/modules//ps_emailalerts/mails/fr/customer_qty.txt [] []
[2026-01-26T05:19:34.256642+01:00] app.DEBUG: Generate html template new_order at /var/www/html/modules//ps_emailalerts/mails/fr/new_order.html [] []
[2026-01-26T05:19:34.261546+01:00] app.DEBUG: Generate txt template new_order at /var/www/html/modules//ps_emailalerts/mails/fr/new_order.txt [] []
[2026-01-26T05:19:34.277477+01:00] app.DEBUG: Generate html template order_changed at /var/www/html/modules//ps_emailalerts/mails/fr/order_changed.html [] []
[2026-01-26T05:19:34.280862+01:00] app.DEBUG: Generate txt template order_changed at /var/www/html/modules//ps_emailalerts/mails/fr/order_changed.txt [] []
[2026-01-26T05:19:34.293983+01:00] app.DEBUG: Generate html template productcoverage at /var/www/html/modules//ps_emailalerts/mails/fr/productcoverage.html [] []
[2026-01-26T05:19:34.296519+01:00] app.DEBUG: Generate txt template productcoverage at /var/www/html/modules//ps_emailalerts/mails/fr/productcoverage.txt [] []
[2026-01-26T05:19:34.314570+01:00] app.DEBUG: Generate html template productoutofstock at /var/www/html/modules//ps_emailalerts/mails/fr/productoutofstock.html [] []
[2026-01-26T05:19:34.317601+01:00] app.DEBUG: Generate txt template productoutofstock at /var/www/html/modules//ps_emailalerts/mails/fr/productoutofstock.txt [] []
[2026-01-26T05:19:34.349385+01:00] app.DEBUG: Generate html template return_slip at /var/www/html/modules//ps_emailalerts/mails/fr/return_slip.html [] []
[2026-01-26T05:19:34.354657+01:00] app.DEBUG: Generate txt template return_slip at /var/www/html/modules//ps_emailalerts/mails/fr/return_slip.txt [] []
[2026-01-26T05:19:34.366998+01:00] app.DEBUG: Generate html template newsletter_conf at /var/www/html/modules//ps_emailsubscription/mails/fr/newsletter_conf.html [] []
[2026-01-26T05:19:34.369069+01:00] app.DEBUG: Generate txt template newsletter_conf at /var/www/html/modules//ps_emailsubscription/mails/fr/newsletter_conf.txt [] []
[2026-01-26T05:19:34.381797+01:00] app.DEBUG: Generate html template newsletter_verif at /var/www/html/modules//ps_emailsubscription/mails/fr/newsletter_verif.html [] []
[2026-01-26T05:19:34.384029+01:00] app.DEBUG: Generate txt template newsletter_verif at /var/www/html/modules//ps_emailsubscription/mails/fr/newsletter_verif.txt [] []
[2026-01-26T05:19:34.397045+01:00] app.DEBUG: Generate html template newsletter_voucher at /var/www/html/modules//ps_emailsubscription/mails/fr/newsletter_voucher.html [] []
[2026-01-26T05:19:34.399966+01:00] app.DEBUG: Generate txt template newsletter_voucher at /var/www/html/modules//ps_emailsubscription/mails/fr/newsletter_voucher.txt [] []
[2026-01-26T05:19:34.400529+01:00] messenger.INFO: Message PrestaShop\PrestaShop\Core\Domain\MailTemplate\Command\GenerateThemeMailTemplatesCommand handled by PrestaShop\PrestaShop\Core\Domain\MailTemplate\CommandHandler\GenerateThemeMailTemplatesHandler::handle {"class":"PrestaShop\\PrestaShop\\Core\\Domain\\MailTemplate\\Command\\GenerateThemeMailTemplatesCommand","handler":"PrestaShop\\PrestaShop\\Core\\Domain\\MailTemplate\\CommandHandler\\GenerateThemeMailTemplatesHandler::handle"} []
[2026-01-26T05:19:34.671307+01:00] php.INFO: User Deprecated: Since PrestaShop\PrestaShop 9: The "prestashop.adapter.cache.clearer.symfony_cache_clearer" service alias is deprecated. You should stop using it, as it will be removed in the future. {"exception":"[object] (ErrorException(code: 0): User Deprecated: Since PrestaShop\\PrestaShop 9: The \"prestashop.adapter.cache.clearer.symfony_cache_clearer\" service alias is deprecated. You should stop using it, as it will be removed in the future. at /var/www/html/var/cache/prod/admin/ContainerZciO9cc/AdminKernelProdContainer.php:5522)"} []
[2026-01-26T05:19:34.678673+01:00] app.INFO: Exporting mail with theme modern for language English (English), Core output folder: /var/www/html/mails, Modules output folder: /var/www/html/modules/ [] []
[2026-01-26T05:19:36.384206+01:00] app.DEBUG: Generate html template account at /var/www/html/mails/en/account.html [] []
[2026-01-26T05:19:36.388211+01:00] app.DEBUG: Generate txt template account at /var/www/html/mails/en/account.txt [] []
[2026-01-26T05:19:36.397216+01:00] app.DEBUG: Generate html template backoffice_order at /var/www/html/mails/en/backoffice_order.html [] []
[2026-01-26T05:19:36.400226+01:00] app.DEBUG: Generate txt template backoffice_order at /var/www/html/mails/en/backoffice_order.txt [] []
[2026-01-26T05:19:36.413943+01:00] app.DEBUG: Generate html template bankwire at /var/www/html/mails/en/bankwire.html [] []
[2026-01-26T05:19:36.418706+01:00] app.DEBUG: Generate txt template bankwire at /var/www/html/mails/en/bankwire.txt [] []
[2026-01-26T05:19:36.433360+01:00] app.DEBUG: Generate html template cheque at /var/www/html/mails/en/cheque.html [] []
[2026-01-26T05:19:36.439195+01:00] app.DEBUG: Generate txt template cheque at /var/www/html/mails/en/cheque.txt [] []
[2026-01-26T05:19:36.451492+01:00] app.DEBUG: Generate html template contact at /var/www/html/mails/en/contact.html [] []
[2026-01-26T05:19:36.454651+01:00] app.DEBUG: Generate txt template contact at /var/www/html/mails/en/contact.txt [] []
[2026-01-26T05:19:36.464377+01:00] app.DEBUG: Generate html template contact_form at /var/www/html/mails/en/contact_form.html [] []
[2026-01-26T05:19:36.467682+01:00] app.DEBUG: Generate txt template contact_form at /var/www/html/mails/en/contact_form.txt [] []
[2026-01-26T05:19:36.477427+01:00] app.DEBUG: Generate html template credit_slip at /var/www/html/mails/en/credit_slip.html [] []
[2026-01-26T05:19:36.480823+01:00] app.DEBUG: Generate txt template credit_slip at /var/www/html/mails/en/credit_slip.txt [] []
[2026-01-26T05:19:36.492661+01:00] app.DEBUG: Generate html template download_product at /var/www/html/mails/en/download_product.html [] []
[2026-01-26T05:19:36.495881+01:00] app.DEBUG: Generate txt template download_product at /var/www/html/mails/en/download_product.txt [] []
[2026-01-26T05:19:36.506425+01:00] app.DEBUG: Generate html template employee_password at /var/www/html/mails/en/employee_password.html [] []
[2026-01-26T05:19:36.509922+01:00] app.DEBUG: Generate txt template employee_password at /var/www/html/mails/en/employee_password.txt [] []
[2026-01-26T05:19:36.519373+01:00] app.DEBUG: Generate html template forward_msg at /var/www/html/mails/en/forward_msg.html [] []
[2026-01-26T05:19:36.522591+01:00] app.DEBUG: Generate txt template forward_msg at /var/www/html/mails/en/forward_msg.txt [] []
[2026-01-26T05:19:36.533184+01:00] app.DEBUG: Generate html template guest_to_customer at /var/www/html/mails/en/guest_to_customer.html [] []
[2026-01-26T05:19:36.536327+01:00] app.DEBUG: Generate txt template guest_to_customer at /var/www/html/mails/en/guest_to_customer.txt [] []
[2026-01-26T05:19:36.545623+01:00] app.DEBUG: Generate html template import at /var/www/html/mails/en/import.html [] []
[2026-01-26T05:19:36.548809+01:00] app.DEBUG: Generate txt template import at /var/www/html/mails/en/import.txt [] []
[2026-01-26T05:19:36.559934+01:00] app.DEBUG: Generate html template in_transit at /var/www/html/mails/en/in_transit.html [] []
[2026-01-26T05:19:36.563191+01:00] app.DEBUG: Generate txt template in_transit at /var/www/html/mails/en/in_transit.txt [] []
[2026-01-26T05:19:36.571887+01:00] app.DEBUG: Generate html template log_alert at /var/www/html/mails/en/log_alert.html [] []
[2026-01-26T05:19:36.574922+01:00] app.DEBUG: Generate txt template log_alert at /var/www/html/mails/en/log_alert.txt [] []
[2026-01-26T05:19:36.591254+01:00] app.DEBUG: Generate html template newsletter at /var/www/html/mails/en/newsletter.html [] []
[2026-01-26T05:19:36.594129+01:00] app.DEBUG: Generate txt template newsletter at /var/www/html/mails/en/newsletter.txt [] []
[2026-01-26T05:19:36.605109+01:00] app.DEBUG: Generate html template order_canceled at /var/www/html/mails/en/order_canceled.html [] []
[2026-01-26T05:19:36.608397+01:00] app.DEBUG: Generate txt template order_canceled at /var/www/html/mails/en/order_canceled.txt [] []
[2026-01-26T05:19:36.617723+01:00] app.DEBUG: Generate html template order_changed at /var/www/html/mails/en/order_changed.html [] []
[2026-01-26T05:19:36.620534+01:00] app.DEBUG: Generate txt template order_changed at /var/www/html/mails/en/order_changed.txt [] []
[2026-01-26T05:19:36.639611+01:00] app.DEBUG: Generate html template order_conf at /var/www/html/mails/en/order_conf.html [] []
[2026-01-26T05:19:36.646174+01:00] app.DEBUG: Generate txt template order_conf at /var/www/html/mails/en/order_conf.txt [] []
[2026-01-26T05:19:36.658182+01:00] app.DEBUG: Generate html template order_customer_comment at /var/www/html/mails/en/order_customer_comment.html [] []
[2026-01-26T05:19:36.661699+01:00] app.DEBUG: Generate txt template order_customer_comment at /var/www/html/mails/en/order_customer_comment.txt [] []
[2026-01-26T05:19:36.672347+01:00] app.DEBUG: Generate html template order_merchant_comment at /var/www/html/mails/en/order_merchant_comment.html [] []
[2026-01-26T05:19:36.676013+01:00] app.DEBUG: Generate txt template order_merchant_comment at /var/www/html/mails/en/order_merchant_comment.txt [] []
[2026-01-26T05:19:36.685601+01:00] app.DEBUG: Generate html template order_return_state at /var/www/html/mails/en/order_return_state.html [] []
[2026-01-26T05:19:36.688987+01:00] app.DEBUG: Generate txt template order_return_state at /var/www/html/mails/en/order_return_state.txt [] []
[2026-01-26T05:19:36.699954+01:00] app.DEBUG: Generate html template outofstock at /var/www/html/mails/en/outofstock.html [] []
[2026-01-26T05:19:36.703627+01:00] app.DEBUG: Generate txt template outofstock at /var/www/html/mails/en/outofstock.txt [] []
[2026-01-26T05:19:36.711521+01:00] app.DEBUG: Generate html template password at /var/www/html/mails/en/password.html [] []
[2026-01-26T05:19:36.713708+01:00] app.DEBUG: Generate txt template password at /var/www/html/mails/en/password.txt [] []
[2026-01-26T05:19:36.723158+01:00] app.DEBUG: Generate html template password_query at /var/www/html/mails/en/password_query.html [] []
[2026-01-26T05:19:36.726124+01:00] app.DEBUG: Generate txt template password_query at /var/www/html/mails/en/password_query.txt [] []
[2026-01-26T05:19:36.737546+01:00] app.DEBUG: Generate html template payment at /var/www/html/mails/en/payment.html [] []
[2026-01-26T05:19:36.741401+01:00] app.DEBUG: Generate txt template payment at /var/www/html/mails/en/payment.txt [] []
[2026-01-26T05:19:36.752984+01:00] app.DEBUG: Generate html template payment_error at /var/www/html/mails/en/payment_error.html [] []
[2026-01-26T05:19:36.756783+01:00] app.DEBUG: Generate txt template payment_error at /var/www/html/mails/en/payment_error.txt [] []
[2026-01-26T05:19:36.766954+01:00] app.DEBUG: Generate html template preparation at /var/www/html/mails/en/preparation.html [] []
[2026-01-26T05:19:36.770426+01:00] app.DEBUG: Generate txt template preparation at /var/www/html/mails/en/preparation.txt [] []
[2026-01-26T05:19:36.780530+01:00] app.DEBUG: Generate html template productoutofstock at /var/www/html/mails/en/productoutofstock.html [] []
[2026-01-26T05:19:36.784212+01:00] app.DEBUG: Generate txt template productoutofstock at /var/www/html/mails/en/productoutofstock.txt [] []
[2026-01-26T05:19:36.795678+01:00] app.DEBUG: Generate html template refund at /var/www/html/mails/en/refund.html [] []
[2026-01-26T05:19:36.798551+01:00] app.DEBUG: Generate txt template refund at /var/www/html/mails/en/refund.txt [] []
[2026-01-26T05:19:36.809849+01:00] app.DEBUG: Generate html template reply_msg at /var/www/html/mails/en/reply_msg.html [] []
[2026-01-26T05:19:36.812647+01:00] app.DEBUG: Generate txt template reply_msg at /var/www/html/mails/en/reply_msg.txt [] []
[2026-01-26T05:19:36.831890+01:00] app.DEBUG: Generate html template shipped at /var/www/html/mails/en/shipped.html [] []
[2026-01-26T05:19:36.836193+01:00] app.DEBUG: Generate txt template shipped at /var/www/html/mails/en/shipped.txt [] []
[2026-01-26T05:19:36.846342+01:00] app.DEBUG: Generate html template test at /var/www/html/mails/en/test.html [] []
[2026-01-26T05:19:36.849119+01:00] app.DEBUG: Generate txt template test at /var/www/html/mails/en/test.txt [] []
[2026-01-26T05:19:36.858335+01:00] app.DEBUG: Generate html template voucher at /var/www/html/mails/en/voucher.html [] []
[2026-01-26T05:19:36.860977+01:00] app.DEBUG: Generate txt template voucher at /var/www/html/mails/en/voucher.txt [] []
[2026-01-26T05:19:36.870267+01:00] app.DEBUG: Generate html template voucher_new at /var/www/html/mails/en/voucher_new.html [] []
[2026-01-26T05:19:36.873130+01:00] app.DEBUG: Generate txt template voucher_new at /var/www/html/mails/en/voucher_new.txt [] []
[2026-01-26T05:19:36.882570+01:00] app.DEBUG: Generate html template customer_qty at /var/www/html/modules//ps_emailalerts/mails/en/customer_qty.html [] []
[2026-01-26T05:19:36.885657+01:00] app.DEBUG: Generate txt template customer_qty at /var/www/html/modules//ps_emailalerts/mails/en/customer_qty.txt [] []
[2026-01-26T05:19:36.903553+01:00] app.DEBUG: Generate html template new_order at /var/www/html/modules//ps_emailalerts/mails/en/new_order.html [] []
[2026-01-26T05:19:36.908790+01:00] app.DEBUG: Generate txt template new_order at /var/www/html/modules//ps_emailalerts/mails/en/new_order.txt [] []
[2026-01-26T05:19:36.918762+01:00] app.DEBUG: Generate html template order_changed at /var/www/html/modules//ps_emailalerts/mails/en/order_changed.html [] []
[2026-01-26T05:19:36.921799+01:00] app.DEBUG: Generate txt template order_changed at /var/www/html/modules//ps_emailalerts/mails/en/order_changed.txt [] []
[2026-01-26T05:19:36.929608+01:00] app.DEBUG: Generate html template productcoverage at /var/www/html/modules//ps_emailalerts/mails/en/productcoverage.html [] []
[2026-01-26T05:19:36.932455+01:00] app.DEBUG: Generate txt template productcoverage at /var/www/html/modules//ps_emailalerts/mails/en/productcoverage.txt [] []
[2026-01-26T05:19:36.942935+01:00] app.DEBUG: Generate html template productoutofstock at /var/www/html/modules//ps_emailalerts/mails/en/productoutofstock.html [] []
[2026-01-26T05:19:36.946398+01:00] app.DEBUG: Generate txt template productoutofstock at /var/www/html/modules//ps_emailalerts/mails/en/productoutofstock.txt [] []
[2026-01-26T05:19:36.962022+01:00] app.DEBUG: Generate html template return_slip at /var/www/html/modules//ps_emailalerts/mails/en/return_slip.html [] []
[2026-01-26T05:19:36.966223+01:00] app.DEBUG: Generate txt template return_slip at /var/www/html/modules//ps_emailalerts/mails/en/return_slip.txt [] []
[2026-01-26T05:19:36.974875+01:00] app.DEBUG: Generate html template newsletter_conf at /var/www/html/modules//ps_emailsubscription/mails/en/newsletter_conf.html [] []
[2026-01-26T05:19:36.977611+01:00] app.DEBUG: Generate txt template newsletter_conf at /var/www/html/modules//ps_emailsubscription/mails/en/newsletter_conf.txt [] []
[2026-01-26T05:19:36.986816+01:00] app.DEBUG: Generate html template newsletter_verif at /var/www/html/modules//ps_emailsubscription/mails/en/newsletter_verif.html [] []
[2026-01-26T05:19:36.989621+01:00] app.DEBUG: Generate txt template newsletter_verif at /var/www/html/modules//ps_emailsubscription/mails/en/newsletter_verif.txt [] []
[2026-01-26T05:19:36.999801+01:00] app.DEBUG: Generate html template newsletter_voucher at /var/www/html/modules//ps_emailsubscription/mails/en/newsletter_voucher.html [] []
[2026-01-26T05:19:37.003795+01:00] app.DEBUG: Generate txt template newsletter_voucher at /var/www/html/modules//ps_emailsubscription/mails/en/newsletter_voucher.txt [] []
[2026-01-26T05:19:37.003950+01:00] messenger.INFO: Message PrestaShop\PrestaShop\Core\Domain\MailTemplate\Command\GenerateThemeMailTemplatesCommand handled by PrestaShop\PrestaShop\Core\Domain\MailTemplate\CommandHandler\GenerateThemeMailTemplatesHandler::handle {"class":"PrestaShop\\PrestaShop\\Core\\Domain\\MailTemplate\\Command\\GenerateThemeMailTemplatesCommand","handler":"PrestaShop\\PrestaShop\\Core\\Domain\\MailTemplate\\CommandHandler\\GenerateThemeMailTemplatesHandler::handle"} []
[2026-01-26T05:19:42.813855+01:00] messenger.INFO: Message PrestaShop\PrestaShop\Core\Domain\Currency\Command\AddCurrencyCommand handled by PrestaShop\PrestaShop\Adapter\Currency\CommandHandler\AddOfficialCurrencyHandler::handle {"class":"PrestaShop\\PrestaShop\\Core\\Domain\\Currency\\Command\\AddCurrencyCommand","handler":"PrestaShop\\PrestaShop\\Adapter\\Currency\\CommandHandler\\AddOfficialCurrencyHandler::handle"} []
[2026-01-26T05:19:42.862282+01:00] messenger.INFO: Message PrestaShop\PrestaShop\Core\Domain\Currency\Command\AddCurrencyCommand handled by PrestaShop\PrestaShop\Adapter\Currency\CommandHandler\AddOfficialCurrencyHandler::handle {"class":"PrestaShop\\PrestaShop\\Core\\Domain\\Currency\\Command\\AddCurrencyCommand","handler":"PrestaShop\\PrestaShop\\Adapter\\Currency\\CommandHandler\\AddOfficialCurrencyHandler::handle"} []
[2026-01-26T05:19:43.379566+01:00] php.INFO: User Deprecated: Since symfony/validator 6.2: The "loose" mode is deprecated. It will be removed in 7.0 and the default mode will be changed to "html5". {"exception":"[object] (ErrorException(code: 0): User Deprecated: Since symfony/validator 6.2: The \"loose\" mode is deprecated. It will be removed in 7.0 and the default mode will be changed to \"html5\". at /var/www/html/vendor/symfony/validator/Constraints/Email.php:82)"} []
[2026-01-26T05:19:43.379934+01:00] php.INFO: User Deprecated: Since symfony/validator 6.2: The "loose" mode is deprecated. It will be removed in 7.0 and the default mode will be changed to "html5". {"exception":"[object] (ErrorException(code: 0): User Deprecated: Since symfony/validator 6.2: The \"loose\" mode is deprecated. It will be removed in 7.0 and the default mode will be changed to \"html5\". at /var/www/html/vendor/symfony/validator/Constraints/EmailValidator.php:48)"} []
[2026-01-26T05:19:43.410529+01:00] php.INFO: User Deprecated: Since symfony/validator 6.2: The "loose" mode is deprecated. It will be removed in 7.0 and the default mode will be changed to "html5". {"exception":"[object] (ErrorException(code: 0): User Deprecated: Since symfony/validator 6.2: The \"loose\" mode is deprecated. It will be removed in 7.0 and the default mode will be changed to \"html5\". at /var/www/html/vendor/symfony/validator/Constraints/Email.php:82)"} []
[2026-01-26T05:19:43.410925+01:00] php.INFO: User Deprecated: Since symfony/validator 6.2: The "loose" mode is deprecated. It will be removed in 7.0 and the default mode will be changed to "html5". {"exception":"[object] (ErrorException(code: 0): User Deprecated: Since symfony/validator 6.2: The \"loose\" mode is deprecated. It will be removed in 7.0 and the default mode will be changed to \"html5\". at /var/www/html/vendor/symfony/validator/Constraints/EmailValidator.php:48)"} []
[2026-01-26T05:19:43.417775+01:00] php.INFO: User Deprecated: Since symfony/validator 6.2: The "loose" mode is deprecated. It will be removed in 7.0 and the default mode will be changed to "html5". {"exception":"[object] (ErrorException(code: 0): User Deprecated: Since symfony/validator 6.2: The \"loose\" mode is deprecated. It will be removed in 7.0 and the default mode will be changed to \"html5\". at /var/www/html/vendor/symfony/validator/Constraints/Email.php:82)"} []
[2026-01-26T05:19:43.417887+01:00] php.INFO: User Deprecated: Since symfony/validator 6.2: The "loose" mode is deprecated. It will be removed in 7.0 and the default mode will be changed to "html5". {"exception":"[object] (ErrorException(code: 0): User Deprecated: Since symfony/validator 6.2: The \"loose\" mode is deprecated. It will be removed in 7.0 and the default mode will be changed to \"html5\". at /var/www/html/vendor/symfony/validator/Constraints/EmailValidator.php:48)"} []
[2026-01-26T05:19:43.981522+01:00] app.DEBUG: Protect vendor folder in module ps_linklist [] []
[2026-01-26T05:19:43.982670+01:00] app.DEBUG: Module ps_linklist has no vendor folder [] []
[2026-01-26T05:19:44.312401+01:00] app.DEBUG: Protect vendor folder in module blockreassurance [] []
[2026-01-26T05:19:44.312589+01:00] app.DEBUG: Module blockreassurance has no vendor folder [] []
[2026-01-26T05:19:44.987041+01:00] app.DEBUG: Protect vendor folder in module blockwishlist [] []
[2026-01-26T05:19:44.987203+01:00] app.DEBUG: Module blockwishlist has no vendor folder [] []
[2026-01-26T05:19:45.957799+01:00] php.INFO: User Deprecated: Since symfony/validator 6.2: The "loose" mode is deprecated. It will be removed in 7.0 and the default mode will be changed to "html5". {"exception":"[object] (ErrorException(code: 0): User Deprecated: Since symfony/validator 6.2: The \"loose\" mode is deprecated. It will be removed in 7.0 and the default mode will be changed to \"html5\". at /var/www/html/vendor/symfony/validator/Constraints/Email.php:82)"} []
[2026-01-26T05:19:45.957894+01:00] php.INFO: User Deprecated: Since symfony/validator 6.2: The "loose" mode is deprecated. It will be removed in 7.0 and the default mode will be changed to "html5". {"exception":"[object] (ErrorException(code: 0): User Deprecated: Since symfony/validator 6.2: The \"loose\" mode is deprecated. It will be removed in 7.0 and the default mode will be changed to \"html5\". at /var/www/html/vendor/symfony/validator/Constraints/EmailValidator.php:48)"} []
[2026-01-26T05:19:45.960311+01:00] php.INFO: User Deprecated: Since symfony/validator 6.2: The "loose" mode is deprecated. It will be removed in 7.0 and the default mode will be changed to "html5". {"exception":"[object] (ErrorException(code: 0): User Deprecated: Since symfony/validator 6.2: The \"loose\" mode is deprecated. It will be removed in 7.0 and the default mode will be changed to \"html5\". at /var/www/html/vendor/symfony/validator/Constraints/Email.php:82)"} []
[2026-01-26T05:19:45.960363+01:00] php.INFO: User Deprecated: Since symfony/validator 6.2: The "loose" mode is deprecated. It will be removed in 7.0 and the default mode will be changed to "html5". {"exception":"[object] (ErrorException(code: 0): User Deprecated: Since symfony/validator 6.2: The \"loose\" mode is deprecated. It will be removed in 7.0 and the default mode will be changed to \"html5\". at /var/www/html/vendor/symfony/validator/Constraints/EmailValidator.php:48)"} []
[2026-01-26T05:19:45.986634+01:00] app.DEBUG: Protect vendor folder in module psgdpr [] []
[2026-01-26T05:19:45.986820+01:00] app.DEBUG: Module psgdpr has no vendor folder [] []
[2026-01-26T05:19:46.153543+01:00] app.DEBUG: Protect vendor folder in module ps_contactinfo [] []
[2026-01-26T05:19:46.153777+01:00] app.DEBUG: Module ps_contactinfo has no vendor folder [] []
[2026-01-26T05:19:46.266596+01:00] app.DEBUG: Protect vendor folder in module ps_languageselector [] []
[2026-01-26T05:19:46.266825+01:00] app.DEBUG: Module ps_languageselector has no vendor folder [] []
[2026-01-26T05:19:46.391258+01:00] app.DEBUG: Protect vendor folder in module ps_currencyselector [] []
[2026-01-26T05:19:46.391572+01:00] app.DEBUG: Module ps_currencyselector has no vendor folder [] []
[2026-01-26T05:19:46.495562+01:00] app.DEBUG: Protect vendor folder in module ps_customersignin [] []
[2026-01-26T05:19:46.495741+01:00] app.DEBUG: Module ps_customersignin has no vendor folder [] []
[2026-01-26T05:19:46.604731+01:00] app.DEBUG: Protect vendor folder in module ps_shoppingcart [] []
[2026-01-26T05:19:46.604941+01:00] app.DEBUG: Module ps_shoppingcart has no vendor folder [] []
[2026-01-26T05:19:47.222888+01:00] app.DEBUG: Protect vendor folder in module ps_mainmenu [] []
[2026-01-26T05:19:47.223131+01:00] app.DEBUG: Module ps_mainmenu has no vendor folder [] []
[2026-01-26T05:19:47.325755+01:00] app.DEBUG: Protect vendor folder in module ps_searchbar [] []
[2026-01-26T05:19:47.325930+01:00] app.DEBUG: Module ps_searchbar has no vendor folder [] []
[2026-01-26T05:19:47.743493+01:00] app.DEBUG: Protect vendor folder in module ps_imageslider [] []
[2026-01-26T05:19:47.743657+01:00] app.DEBUG: Module ps_imageslider has no vendor folder [] []
[2026-01-26T05:19:47.953214+01:00] app.DEBUG: Protect vendor folder in module ps_featuredproducts [] []
[2026-01-26T05:19:47.953616+01:00] app.DEBUG: Module ps_featuredproducts has no vendor folder [] []
[2026-01-26T05:19:48.217360+01:00] php.INFO: User Deprecated: ModuleCore::disableDevice is deprecated since version 9.0.0. There is no replacement. {"exception":"[object] (ErrorException(code: 0): User Deprecated: ModuleCore::disableDevice is deprecated since version 9.0.0. There is no replacement. at /var/www/html/classes/module/Module.php:1105)"} []
[2026-01-26T05:19:48.217438+01:00] app.DEBUG: Protect vendor folder in module ps_banner [] []
[2026-01-26T05:19:48.217587+01:00] app.DEBUG: Module ps_banner has no vendor folder [] []
[2026-01-26T05:19:48.573694+01:00] app.DEBUG: Protect vendor folder in module ps_customtext [] []
[2026-01-26T05:19:48.573881+01:00] app.DEBUG: Module ps_customtext has no vendor folder [] []
[2026-01-26T05:19:48.779581+01:00] app.DEBUG: Protect vendor folder in module ps_specials [] []
[2026-01-26T05:19:48.779788+01:00] app.DEBUG: Module ps_specials has no vendor folder [] []
[2026-01-26T05:19:48.905263+01:00] app.DEBUG: Protect vendor folder in module ps_newproducts [] []
[2026-01-26T05:19:48.905438+01:00] app.DEBUG: Module ps_newproducts has no vendor folder [] []
[2026-01-26T05:19:49.057850+01:00] app.DEBUG: Protect vendor folder in module ps_bestsellers [] []
[2026-01-26T05:19:49.058022+01:00] app.DEBUG: Module ps_bestsellers has no vendor folder [] []
[2026-01-26T05:19:49.531449+01:00] app.DEBUG: Protect vendor folder in module ps_emailsubscription [] []
[2026-01-26T05:19:49.531642+01:00] app.DEBUG: Module ps_emailsubscription has no vendor folder [] []
[2026-01-26T05:19:49.727554+01:00] app.DEBUG: Protect vendor folder in module ps_socialfollow [] []
[2026-01-26T05:19:49.727757+01:00] app.DEBUG: Module ps_socialfollow has no vendor folder [] []
[2026-01-26T05:19:49.862721+01:00] app.DEBUG: Protect vendor folder in module ps_customeraccountlinks [] []
[2026-01-26T05:19:49.863837+01:00] app.DEBUG: Module ps_customeraccountlinks has no vendor folder [] []
[2026-01-26T05:19:50.729496+01:00] app.DEBUG: Protect vendor folder in module productcomments [] []
[2026-01-26T05:19:50.729682+01:00] app.DEBUG: Module productcomments has no vendor folder [] []
[2026-01-26T05:19:50.908908+01:00] app.DEBUG: Protect vendor folder in module ps_categorytree [] []
[2026-01-26T05:19:50.909153+01:00] app.DEBUG: Module ps_categorytree has no vendor folder [] []
[2026-01-26T05:19:52.578814+01:00] app.DEBUG: Protect vendor folder in module ps_facetedsearch [] []
[2026-01-26T05:19:52.578971+01:00] app.DEBUG: Module ps_facetedsearch has no vendor folder [] []
[2026-01-26T05:19:52.762117+01:00] app.DEBUG: Protect vendor folder in module contactform [] []
[2026-01-26T05:19:52.762313+01:00] app.DEBUG: Module contactform has no vendor folder [] []
[2026-01-26T05:19:52.872537+01:00] app.DEBUG: Protect vendor folder in module ps_sharebuttons [] []
[2026-01-26T05:19:52.872725+01:00] app.DEBUG: Module ps_sharebuttons has no vendor folder [] []
[2026-01-26T05:20:01.996981+01:00] app.DEBUG: Protect vendor folder in module pagesnotfound [] []
[2026-01-26T05:20:01.997199+01:00] app.DEBUG: Module pagesnotfound has no vendor folder [] []
[2026-01-26T05:20:02.483370+01:00] app.DEBUG: Protect vendor folder in module ps_categoryproducts [] []
[2026-01-26T05:20:02.483558+01:00] app.DEBUG: Module ps_categoryproducts has no vendor folder [] []
[2026-01-26T05:20:02.794171+01:00] app.DEBUG: Protect vendor folder in module statsbestcategories [] []
[2026-01-26T05:20:02.794494+01:00] app.DEBUG: Module statsbestcategories has no vendor folder [] []
[2026-01-26T05:20:02.971396+01:00] app.DEBUG: Protect vendor folder in module statsbestvouchers [] []
[2026-01-26T05:20:02.971590+01:00] app.DEBUG: Module statsbestvouchers has no vendor folder [] []
[2026-01-26T05:20:03.225075+01:00] app.DEBUG: Protect vendor folder in module graphnvd3 [] []
[2026-01-26T05:20:03.225278+01:00] app.DEBUG: Module graphnvd3 has no vendor folder [] []
[2026-01-26T05:20:03.500420+01:00] app.DEBUG: Protect vendor folder in module ps_viewedproduct [] []
[2026-01-26T05:20:03.501875+01:00] app.DEBUG: Module ps_viewedproduct has no vendor folder [] []
[2026-01-26T05:20:06.628471+01:00] app.DEBUG: Protect vendor folder in module ps_eventbus [] []
[2026-01-26T05:20:06.807398+01:00] app.DEBUG: Protect vendor folder in module statsbestsuppliers [] []
[2026-01-26T05:20:06.807652+01:00] app.DEBUG: Module statsbestsuppliers has no vendor folder [] []
[2026-01-26T05:20:06.914871+01:00] php.INFO: Deprecated: ps_mbo::installTables(): Implicitly marking parameter $table as nullable is deprecated, the explicit nullable type must be used instead {"exception":"[object] (ErrorException(code: 0): Deprecated: ps_mbo::installTables(): Implicitly marking parameter $table as nullable is deprecated, the explicit nullable type must be used instead at /var/www/html/modules/ps_mbo/ps_mbo.php:294)"} []
[2026-01-26T05:20:06.923260+01:00] php.INFO: Deprecated: GuzzleHttp\Promise\queue(): Implicitly marking parameter $assign as nullable is deprecated, the explicit nullable type must be used instead {"exception":"[object] (ErrorException(code: 0): Deprecated: GuzzleHttp\\Promise\\queue(): Implicitly marking parameter $assign as nullable is deprecated, the explicit nullable type must be used instead at /var/www/html/modules/ps_mbo/vendor/guzzlehttp/promises/src/functions.php:24)"} []
[2026-01-26T05:20:06.923361+01:00] php.INFO: Deprecated: GuzzleHttp\Promise\each(): Implicitly marking parameter $onFulfilled as nullable is deprecated, the explicit nullable type must be used instead {"exception":"[object] (ErrorException(code: 0): Deprecated: GuzzleHttp\\Promise\\each(): Implicitly marking parameter $onFulfilled as nullable is deprecated, the explicit nullable type must be used instead at /var/www/html/modules/ps_mbo/vendor/guzzlehttp/promises/src/functions.php:260)"} []
[2026-01-26T05:20:06.923385+01:00] php.INFO: Deprecated: GuzzleHttp\Promise\each(): Implicitly marking parameter $onRejected as nullable is deprecated, the explicit nullable type must be used instead {"exception":"[object] (ErrorException(code: 0): Deprecated: GuzzleHttp\\Promise\\each(): Implicitly marking parameter $onRejected as nullable is deprecated, the explicit nullable type must be used instead at /var/www/html/modules/ps_mbo/vendor/guzzlehttp/promises/src/functions.php:260)"} []
[2026-01-26T05:20:06.923414+01:00] php.INFO: Deprecated: GuzzleHttp\Promise\each_limit(): Implicitly marking parameter $onFulfilled as nullable is deprecated, the explicit nullable type must be used instead {"exception":"[object] (ErrorException(code: 0): Deprecated: GuzzleHttp\\Promise\\each_limit(): Implicitly marking parameter $onFulfilled as nullable is deprecated, the explicit nullable type must be used instead at /var/www/html/modules/ps_mbo/vendor/guzzlehttp/promises/src/functions.php:285)"} []
[2026-01-26T05:20:06.923436+01:00] php.INFO: Deprecated: GuzzleHttp\Promise\each_limit(): Implicitly marking parameter $onRejected as nullable is deprecated, the explicit nullable type must be used instead {"exception":"[object] (ErrorException(code: 0): Deprecated: GuzzleHttp\\Promise\\each_limit(): Implicitly marking parameter $onRejected as nullable is deprecated, the explicit nullable type must be used instead at /var/www/html/modules/ps_mbo/vendor/guzzlehttp/promises/src/functions.php:285)"} []
[2026-01-26T05:20:06.923462+01:00] php.INFO: Deprecated: GuzzleHttp\Promise\each_limit_all(): Implicitly marking parameter $onFulfilled as nullable is deprecated, the explicit nullable type must be used instead {"exception":"[object] (ErrorException(code: 0): Deprecated: GuzzleHttp\\Promise\\each_limit_all(): Implicitly marking parameter $onFulfilled as nullable is deprecated, the explicit nullable type must be used instead at /var/www/html/modules/ps_mbo/vendor/guzzlehttp/promises/src/functions.php:307)"} []
[2026-01-26T05:20:06.954819+01:00] php.INFO: Deprecated: PrestaShop\Module\Mbo\Helpers\ErrorHelper::reportError(): Implicitly marking parameter $data as nullable is deprecated, the explicit nullable type must be used instead {"exception":"[object] (ErrorException(code: 0): Deprecated: PrestaShop\\Module\\Mbo\\Helpers\\ErrorHelper::reportError(): Implicitly marking parameter $data as nullable is deprecated, the explicit nullable type must be used instead at /var/www/html/modules/ps_mbo/src/Helpers/ErrorHelper.php:41)"} []
[2026-01-26T05:20:07.005960+01:00] php.INFO: Deprecated: PrestaShop\Module\Mbo\Handler\ErrorHandler\ErrorHandlerInterface::handle(): Implicitly marking parameter $data as nullable is deprecated, the explicit nullable type must be used instead {"exception":"[object] (ErrorException(code: 0): Deprecated: PrestaShop\\Module\\Mbo\\Handler\\ErrorHandler\\ErrorHandlerInterface::handle(): Implicitly marking parameter $data as nullable is deprecated, the explicit nullable type must be used instead at /var/www/html/modules/ps_mbo/src/Handler/ErrorHandler/ErrorHandlerInterface.php:33)"} []
[2026-01-26T05:20:07.115247+01:00] php.INFO: User Deprecated: Since PrestaShop\PrestaShop 9: The "prestashop.adapter.cache.clearer.symfony_cache_clearer" service alias is deprecated. You should stop using it, as it will be removed in the future. {"exception":"[object] (ErrorException(code: 0): User Deprecated: Since PrestaShop\\PrestaShop 9: The \"prestashop.adapter.cache.clearer.symfony_cache_clearer\" service alias is deprecated. You should stop using it, as it will be removed in the future. at /var/www/html/var/cache/prod/admin/ContainerZciO9cc/AdminKernelProdContainer.php:5522)"} []
[2026-01-26T05:20:08.742966+01:00] app.DEBUG: Protect vendor folder in module ps_mbo [] []
[2026-01-26T05:20:09.007193+01:00] app.DEBUG: Protect vendor folder in module statssales [] []
[2026-01-26T05:20:09.007372+01:00] app.DEBUG: Module statssales has no vendor folder [] []
[2026-01-26T05:20:09.465892+01:00] app.DEBUG: Protect vendor folder in module ps_distributionapiclient [] []
[2026-01-26T05:20:09.466085+01:00] app.DEBUG: Module ps_distributionapiclient has no vendor folder [] []
[2026-01-26T05:20:09.811248+01:00] app.DEBUG: Protect vendor folder in module ps_cashondelivery [] []
[2026-01-26T05:20:09.811412+01:00] app.DEBUG: Module ps_cashondelivery has no vendor folder [] []
[2026-01-26T05:20:10.079345+01:00] app.DEBUG: Protect vendor folder in module ps_dataprivacy [] []
[2026-01-26T05:20:10.079516+01:00] app.DEBUG: Module ps_dataprivacy has no vendor folder [] []
[2026-01-26T05:20:10.907562+01:00] app.DEBUG: Protect vendor folder in module ps_googleanalytics [] []
[2026-01-26T05:20:10.907933+01:00] app.DEBUG: Module ps_googleanalytics has no vendor folder [] []
[2026-01-26T05:20:11.117029+01:00] app.DEBUG: Protect vendor folder in module statsstock [] []
[2026-01-26T05:20:11.117212+01:00] app.DEBUG: Module statsstock has no vendor folder [] []
[2026-01-26T05:20:11.394028+01:00] app.DEBUG: Protect vendor folder in module dashproducts [] []
[2026-01-26T05:20:11.394200+01:00] app.DEBUG: Module dashproducts has no vendor folder [] []
[2026-01-26T05:20:11.624000+01:00] app.DEBUG: Protect vendor folder in module statsbestmanufacturers [] []
[2026-01-26T05:20:11.624174+01:00] app.DEBUG: Module statsbestmanufacturers has no vendor folder [] []
[2026-01-26T05:20:11.827570+01:00] app.DEBUG: Protect vendor folder in module ps_supplierlist [] []
[2026-01-26T05:20:11.827759+01:00] app.DEBUG: Module ps_supplierlist has no vendor folder [] []
[2026-01-26T05:20:12.006493+01:00] app.DEBUG: Protect vendor folder in module statsregistrations [] []
[2026-01-26T05:20:12.006800+01:00] app.DEBUG: Module statsregistrations has no vendor folder [] []
[2026-01-26T05:20:12.191767+01:00] app.DEBUG: Protect vendor folder in module statsdata [] []
[2026-01-26T05:20:12.191954+01:00] app.DEBUG: Module statsdata has no vendor folder [] []
[2026-01-26T05:20:12.888026+01:00] app.DEBUG: Protect vendor folder in module ps_wirepayment [] []
[2026-01-26T05:20:12.888214+01:00] app.DEBUG: Module ps_wirepayment has no vendor folder [] []
[2026-01-26T05:20:13.061973+01:00] app.DEBUG: Protect vendor folder in module statsnewsletter [] []
[2026-01-26T05:20:13.062173+01:00] app.DEBUG: Module statsnewsletter has no vendor folder [] []
[2026-01-26T05:20:13.244136+01:00] app.DEBUG: Protect vendor folder in module statscatalog [] []
[2026-01-26T05:20:13.244474+01:00] app.DEBUG: Module statscatalog has no vendor folder [] []
[2026-01-26T05:20:13.431831+01:00] app.DEBUG: Protect vendor folder in module dashtrends [] []
[2026-01-26T05:20:13.432067+01:00] app.DEBUG: Module dashtrends has no vendor folder [] []
[2026-01-26T05:20:13.461155+01:00] php.INFO: Deprecated: Using ${var} in strings is deprecated, use {$var} instead {"exception":"[object] (ErrorException(code: 0): Deprecated: Using ${var} in strings is deprecated, use {$var} instead at /var/www/html/modules/psxmarketingwithgoogle/vendor/segmentio/analytics-php/lib/Segment.php:112)"} []
[2026-01-26T05:20:13.467145+01:00] php.INFO: Deprecated: Using ${var} in strings is deprecated, use {$var} instead {"exception":"[object] (ErrorException(code: 0): Deprecated: Using ${var} in strings is deprecated, use {$var} instead at /var/www/html/modules/psxmarketingwithgoogle/vendor/segmentio/analytics-php/lib/Segment/Consumer/ForkCurl.php:47)"} []
[2026-01-26T05:20:13.467291+01:00] php.INFO: Deprecated: Using ${var} in strings is deprecated, use {$var} instead {"exception":"[object] (ErrorException(code: 0): Deprecated: Using ${var} in strings is deprecated, use {$var} instead at /var/www/html/modules/psxmarketingwithgoogle/vendor/segmentio/analytics-php/lib/Segment/Consumer/ForkCurl.php:82)"} []
[2026-01-26T05:20:13.467332+01:00] php.INFO: Deprecated: Using ${var} in strings is deprecated, use {$var} instead {"exception":"[object] (ErrorException(code: 0): Deprecated: Using ${var} in strings is deprecated, use {$var} instead at /var/www/html/modules/psxmarketingwithgoogle/vendor/segmentio/analytics-php/lib/Segment/Consumer/ForkCurl.php:82)"} []
[2026-01-26T05:20:13.468385+01:00] php.INFO: Deprecated: Using ${var} in strings is deprecated, use {$var} instead {"exception":"[object] (ErrorException(code: 0): Deprecated: Using ${var} in strings is deprecated, use {$var} instead at /var/www/html/modules/psxmarketingwithgoogle/vendor/segmentio/analytics-php/lib/Segment/Consumer/LibCurl.php:72)"} []
[2026-01-26T05:20:13.468431+01:00] php.INFO: Deprecated: Using ${var} in strings is deprecated, use {$var} instead {"exception":"[object] (ErrorException(code: 0): Deprecated: Using ${var} in strings is deprecated, use {$var} instead at /var/www/html/modules/psxmarketingwithgoogle/vendor/segmentio/analytics-php/lib/Segment/Consumer/LibCurl.php:72)"} []
[2026-01-26T05:20:13.469446+01:00] php.INFO: Deprecated: Using ${var} in strings is deprecated, use {$var} instead {"exception":"[object] (ErrorException(code: 0): Deprecated: Using ${var} in strings is deprecated, use {$var} instead at /var/www/html/modules/psxmarketingwithgoogle/vendor/segmentio/analytics-php/lib/Segment/Consumer/Socket.php:182)"} []
[2026-01-26T05:20:13.469486+01:00] php.INFO: Deprecated: Using ${var} in strings is deprecated, use {$var} instead {"exception":"[object] (ErrorException(code: 0): Deprecated: Using ${var} in strings is deprecated, use {$var} instead at /var/www/html/modules/psxmarketingwithgoogle/vendor/segmentio/analytics-php/lib/Segment/Consumer/Socket.php:182)"} []
[2026-01-26T05:20:13.486230+01:00] php.INFO: Deprecated: Dotenv\Dotenv::create(): Implicitly marking parameter $envFactory as nullable is deprecated, the explicit nullable type must be used instead {"exception":"[object] (ErrorException(code: 0): Deprecated: Dotenv\\Dotenv::create(): Implicitly marking parameter $envFactory as nullable is deprecated, the explicit nullable type must be used instead at /var/www/html/modules/psxmarketingwithgoogle/vendor/vlucas/phpdotenv/src/Dotenv.php:45)"} []
[2026-01-26T05:20:13.576353+01:00] php.INFO: Deprecated: PrestaShopCorp\Billing\Presenter\BillingPresenter::__construct(): Implicitly marking parameter $billingContextWrapper as nullable is deprecated, the explicit nullable type must be used instead {"exception":"[object] (ErrorException(code: 0): Deprecated: PrestaShopCorp\\Billing\\Presenter\\BillingPresenter::__construct(): Implicitly marking parameter $billingContextWrapper as nullable is deprecated, the explicit nullable type must be used instead at /var/www/html/modules/psxmarketingwithgoogle/vendor/prestashopcorp/module-lib-billing/src/Presenter/BillingPresenter.php:55)"} []
[2026-01-26T05:20:13.608634+01:00] php.INFO: Deprecated: PrestaShop\PsAccountsInstaller\Installer\Installer::__construct(): Implicitly marking parameter $link as nullable is deprecated, the explicit nullable type must be used instead {"exception":"[object] (ErrorException(code: 0): Deprecated: PrestaShop\\PsAccountsInstaller\\Installer\\Installer::__construct(): Implicitly marking parameter $link as nullable is deprecated, the explicit nullable type must be used instead at /var/www/html/modules/ps_mbo/vendor/prestashop/prestashop-accounts-installer/src/Installer/Installer.php:38)"} []
[2026-01-26T05:20:13.639924+01:00] php.INFO: Deprecated: Creation of dynamic property Raven_TransactionStack::$stack is deprecated {"exception":"[object] (ErrorException(code: 0): Deprecated: Creation of dynamic property Raven_TransactionStack::$stack is deprecated at /var/www/html/modules/psxmarketingwithgoogle/vendor/sentry/sentry/lib/Raven/TransactionStack.php:15)"} []
[2026-01-26T05:20:13.641157+01:00] php.INFO: Deprecated: Raven_Stacktrace::get_stack_info(): Implicitly marking parameter $serializer as nullable is deprecated, the explicit nullable type must be used instead {"exception":"[object] (ErrorException(code: 0): Deprecated: Raven_Stacktrace::get_stack_info(): Implicitly marking parameter $serializer as nullable is deprecated, the explicit nullable type must be used instead at /var/www/html/modules/psxmarketingwithgoogle/vendor/sentry/sentry/lib/Raven/Stacktrace.php:16)"} []
[2026-01-26T05:20:13.641204+01:00] php.INFO: Deprecated: Raven_Stacktrace::get_stack_info(): Implicitly marking parameter $reprSerializer as nullable is deprecated, the explicit nullable type must be used instead {"exception":"[object] (ErrorException(code: 0): Deprecated: Raven_Stacktrace::get_stack_info(): Implicitly marking parameter $reprSerializer as nullable is deprecated, the explicit nullable type must be used instead at /var/www/html/modules/psxmarketingwithgoogle/vendor/sentry/sentry/lib/Raven/Stacktrace.php:16)"} []
[2026-01-26T05:20:13.647467+01:00] php.INFO: Deprecated: Constant E_STRICT is deprecated {"exception":"[object] (ErrorException(code: 0): Deprecated: Constant E_STRICT is deprecated at /var/www/html/modules/psxmarketingwithgoogle/vendor/sentry/sentry/lib/Raven/ErrorHandler.php:44)"} []
[2026-01-26T05:20:14.832974+01:00] app.DEBUG: Protect vendor folder in module psxmarketingwithgoogle [] []
[2026-01-26T05:20:15.095832+01:00] app.DEBUG: Protect vendor folder in module gridhtml [] []
[2026-01-26T05:20:15.096049+01:00] app.DEBUG: Module gridhtml has no vendor folder [] []
[2026-01-26T05:20:15.324016+01:00] app.DEBUG: Protect vendor folder in module statsbestproducts [] []
[2026-01-26T05:20:15.324608+01:00] app.DEBUG: Module statsbestproducts has no vendor folder [] []
[2026-01-26T05:20:15.595846+01:00] app.DEBUG: Protect vendor folder in module ps_faviconnotificationbo [] []
[2026-01-26T05:20:15.595998+01:00] app.DEBUG: Module ps_faviconnotificationbo has no vendor folder [] []
[2026-01-26T05:20:16.109786+01:00] app.DEBUG: Protect vendor folder in module ps_emailalerts [] []
[2026-01-26T05:20:16.110120+01:00] app.DEBUG: Module ps_emailalerts has no vendor folder [] []
[2026-01-26T05:20:16.827874+01:00] php.INFO: User Deprecated: Since PrestaShop\PrestaShop 9: The "prestashop.adapter.cache.clearer.symfony_cache_clearer" service alias is deprecated. You should stop using it, as it will be removed in the future. {"exception":"[object] (ErrorException(code: 0): User Deprecated: Since PrestaShop\\PrestaShop 9: The \"prestashop.adapter.cache.clearer.symfony_cache_clearer\" service alias is deprecated. You should stop using it, as it will be removed in the future. at /var/www/html/var/cache/prod/admin/ContainerZciO9cc/AdminKernelProdContainer.php:5522)"} []
[2026-01-26T05:20:17.094287+01:00] app.DEBUG: Protect vendor folder in module psshipping [] []
[2026-01-26T05:20:17.403578+01:00] app.ERROR: Cannot register tab "PsshippingCarrierController" because it already exists [] []
[2026-01-26T05:20:17.424147+01:00] app.ERROR: Cannot register tab "PsshippingCarrierController" because it already exists [] []
[2026-01-26T05:20:17.452098+01:00] app.ERROR: Cannot register tab "PsshippingCarrierController" because it already exists [] []
[2026-01-26T05:20:17.564482+01:00] app.ERROR: Cannot register tab "PsshippingConfigurationController" because it already exists [] []
[2026-01-26T05:20:17.768530+01:00] app.ERROR: Cannot register tab "PsshippingOrdersController" because it already exists [] []
[2026-01-26T05:20:17.780419+01:00] app.ERROR: Cannot register tab "PsshippingOrdersController" because it already exists [] []
[2026-01-26T05:20:17.799614+01:00] app.ERROR: Cannot register tab "PsshippingOrdersController" because it already exists [] []
[2026-01-26T05:20:17.810950+01:00] app.ERROR: Cannot register tab "PsshippingConfigurationController" because it already exists [] []
[2026-01-26T05:20:17.823881+01:00] app.ERROR: Cannot register tab "PsshippingConfigurationController" because it already exists [] []
[2026-01-26T05:20:17.836513+01:00] app.ERROR: Cannot register tab "PsshippingConfigurationController" because it already exists [] []
[2026-01-26T05:20:17.850725+01:00] app.ERROR: Cannot register tab "PsshippingConfigurationController" because it already exists [] []
[2026-01-26T05:20:17.864309+01:00] app.ERROR: Cannot register tab "PsshippingConfigurationController" because it already exists [] []
[2026-01-26T05:20:17.875821+01:00] app.ERROR: Cannot register tab "PsshippingConfigurationController" because it already exists [] []
[2026-01-26T05:20:17.887549+01:00] app.ERROR: Cannot register tab "PsshippingConfigurationController" because it already exists [] []
[2026-01-26T05:20:17.897311+01:00] app.ERROR: Cannot register tab "PsshippingKeycloakAuthController" because it already exists [] []
[2026-01-26T05:20:18.113256+01:00] app.DEBUG: Protect vendor folder in module statscarrier [] []
[2026-01-26T05:20:18.113518+01:00] app.DEBUG: Module statscarrier has no vendor folder [] []
[2026-01-26T05:20:18.215886+01:00] app.DEBUG: Protect vendor folder in module ps_apiresources [] []
[2026-01-26T05:20:18.216108+01:00] app.DEBUG: Module ps_apiresources has no vendor folder [] []
[2026-01-26T05:20:18.401614+01:00] app.DEBUG: Protect vendor folder in module statssearch [] []
[2026-01-26T05:20:18.401985+01:00] app.DEBUG: Module statssearch has no vendor folder [] []
[2026-01-26T05:20:18.503822+01:00] php.INFO: User Deprecated: Since PrestaShop\PrestaShop 9: The "prestashop.adapter.cache.clearer.symfony_cache_clearer" service alias is deprecated. You should stop using it, as it will be removed in the future. {"exception":"[object] (ErrorException(code: 0): User Deprecated: Since PrestaShop\\PrestaShop 9: The \"prestashop.adapter.cache.clearer.symfony_cache_clearer\" service alias is deprecated. You should stop using it, as it will be removed in the future. at /var/www/html/var/cache/prod/admin/ContainerZciO9cc/AdminKernelProdContainer.php:5522)"} []
[2026-01-26T05:20:18.848153+01:00] app.DEBUG: Protect vendor folder in module ps_classic_edition [] []
[2026-01-26T05:20:19.294952+01:00] app.DEBUG: Protect vendor folder in module ps_brandlist [] []
[2026-01-26T05:20:19.295317+01:00] app.DEBUG: Module ps_brandlist has no vendor folder [] []
[2026-01-26T05:20:19.568381+01:00] app.DEBUG: Protect vendor folder in module dashactivity [] []
[2026-01-26T05:20:19.568670+01:00] app.DEBUG: Module dashactivity has no vendor folder [] []
[2026-01-26T05:20:19.867132+01:00] app.DEBUG: Protect vendor folder in module statsforecast [] []
[2026-01-26T05:20:19.867353+01:00] app.DEBUG: Module statsforecast has no vendor folder [] []
[2026-01-26T05:20:20.080957+01:00] app.DEBUG: Protect vendor folder in module statspersonalinfos [] []
[2026-01-26T05:20:20.081234+01:00] app.DEBUG: Module statspersonalinfos has no vendor folder [] []
[2026-01-26T05:20:20.103880+01:00] php.INFO: Deprecated: PrestaShop\Module\PsAccounts\Vendor\Lcobucci\JWT\Token::__construct(): Implicitly marking parameter $signature as nullable is deprecated, the explicit nullable type must be used instead {"exception":"[object] (ErrorException(code: 0): Deprecated: PrestaShop\\Module\\PsAccounts\\Vendor\\Lcobucci\\JWT\\Token::__construct(): Implicitly marking parameter $signature as nullable is deprecated, the explicit nullable type must be used instead at /var/www/html/modules/ps_accounts/vendor/lcobucci/jwt/src/Token.php:67)"} []
[2026-01-26T05:20:20.104014+01:00] php.INFO: Deprecated: PrestaShop\Module\PsAccounts\Vendor\Lcobucci\JWT\Token::__construct(): Implicitly marking parameter $claimFactory as nullable is deprecated, the explicit nullable type must be used instead {"exception":"[object] (ErrorException(code: 0): Deprecated: PrestaShop\\Module\\PsAccounts\\Vendor\\Lcobucci\\JWT\\Token::__construct(): Implicitly marking parameter $claimFactory as nullable is deprecated, the explicit nullable type must be used instead at /var/www/html/modules/ps_accounts/vendor/lcobucci/jwt/src/Token.php:67)"} []
[2026-01-26T05:20:20.104207+01:00] php.INFO: Deprecated: PrestaShop\Module\PsAccounts\Vendor\Lcobucci\JWT\Token::isExpired(): Implicitly marking parameter $now as nullable is deprecated, the explicit nullable type must be used instead {"exception":"[object] (ErrorException(code: 0): Deprecated: PrestaShop\\Module\\PsAccounts\\Vendor\\Lcobucci\\JWT\\Token::isExpired(): Implicitly marking parameter $now as nullable is deprecated, the explicit nullable type must be used instead at /var/www/html/modules/ps_accounts/vendor/lcobucci/jwt/src/Token.php:257)"} []
[2026-01-26T05:20:21.090050+01:00] php.INFO: Deprecated: Creation of dynamic property PrestaShop\Module\PsAccounts\Http\Client\Response::$raw is deprecated {"exception":"[object] (ErrorException(code: 0): Deprecated: Creation of dynamic property PrestaShop\\Module\\PsAccounts\\Http\\Client\\Response::$raw is deprecated at /var/www/html/modules/ps_accounts/src/Http/Client/ConfigObject.php:86)"} []
[2026-01-26T05:20:21.090219+01:00] php.INFO: Deprecated: Creation of dynamic property PrestaShop\Module\PsAccounts\Http\Client\Response::$body is deprecated {"exception":"[object] (ErrorException(code: 0): Deprecated: Creation of dynamic property PrestaShop\\Module\\PsAccounts\\Http\\Client\\Response::$body is deprecated at /var/www/html/modules/ps_accounts/src/Http/Client/ConfigObject.php:86)"} []
[2026-01-26T05:20:21.090277+01:00] php.INFO: Deprecated: Creation of dynamic property PrestaShop\Module\PsAccounts\Http\Client\Response::$statusCode is deprecated {"exception":"[object] (ErrorException(code: 0): Deprecated: Creation of dynamic property PrestaShop\\Module\\PsAccounts\\Http\\Client\\Response::$statusCode is deprecated at /var/www/html/modules/ps_accounts/src/Http/Client/ConfigObject.php:86)"} []
[2026-01-26T05:20:21.090326+01:00] php.INFO: Deprecated: Creation of dynamic property PrestaShop\Module\PsAccounts\Http\Client\Response::$isSuccessful is deprecated {"exception":"[object] (ErrorException(code: 0): Deprecated: Creation of dynamic property PrestaShop\\Module\\PsAccounts\\Http\\Client\\Response::$isSuccessful is deprecated at /var/www/html/modules/ps_accounts/src/Http/Client/ConfigObject.php:86)"} []
[2026-01-26T05:20:21.108566+01:00] php.INFO: Deprecated: Creation of dynamic property PrestaShop\Module\PsAccounts\Http\Client\Response::$raw is deprecated {"exception":"[object] (ErrorException(code: 0): Deprecated: Creation of dynamic property PrestaShop\\Module\\PsAccounts\\Http\\Client\\Response::$raw is deprecated at /var/www/html/modules/ps_accounts/src/Http/Client/ConfigObject.php:86)"} []
[2026-01-26T05:20:21.108762+01:00] php.INFO: Deprecated: Creation of dynamic property PrestaShop\Module\PsAccounts\Http\Client\Response::$body is deprecated {"exception":"[object] (ErrorException(code: 0): Deprecated: Creation of dynamic property PrestaShop\\Module\\PsAccounts\\Http\\Client\\Response::$body is deprecated at /var/www/html/modules/ps_accounts/src/Http/Client/ConfigObject.php:86)"} []
[2026-01-26T05:20:21.108867+01:00] php.INFO: Deprecated: Creation of dynamic property PrestaShop\Module\PsAccounts\Http\Client\Response::$statusCode is deprecated {"exception":"[object] (ErrorException(code: 0): Deprecated: Creation of dynamic property PrestaShop\\Module\\PsAccounts\\Http\\Client\\Response::$statusCode is deprecated at /var/www/html/modules/ps_accounts/src/Http/Client/ConfigObject.php:86)"} []
[2026-01-26T05:20:21.108922+01:00] php.INFO: Deprecated: Creation of dynamic property PrestaShop\Module\PsAccounts\Http\Client\Response::$isSuccessful is deprecated {"exception":"[object] (ErrorException(code: 0): Deprecated: Creation of dynamic property PrestaShop\\Module\\PsAccounts\\Http\\Client\\Response::$isSuccessful is deprecated at /var/www/html/modules/ps_accounts/src/Http/Client/ConfigObject.php:86)"} []
[2026-01-26T05:20:21.131883+01:00] php.INFO: Deprecated: PrestaShop\Module\PsAccounts\Repository\ConfigurationRepository::__construct(): Implicitly marking parameter $configuration as nullable is deprecated, the explicit nullable type must be used instead {"exception":"[object] (ErrorException(code: 0): Deprecated: PrestaShop\\Module\\PsAccounts\\Repository\\ConfigurationRepository::__construct(): Implicitly marking parameter $configuration as nullable is deprecated, the explicit nullable type must be used instead at /var/www/html/modules/ps_accounts/src/Repository/ConfigurationRepository.php:41)"} []
[2026-01-26T05:20:21.135257+01:00] php.INFO: Deprecated: PrestaShop\Module\PsAccounts\Adapter\Link::__construct(): Implicitly marking parameter $link as nullable is deprecated, the explicit nullable type must be used instead {"exception":"[object] (ErrorException(code: 0): Deprecated: PrestaShop\\Module\\PsAccounts\\Adapter\\Link::__construct(): Implicitly marking parameter $link as nullable is deprecated, the explicit nullable type must be used instead at /var/www/html/modules/ps_accounts/src/Adapter/Link.php:42)"} []
[2026-01-26T05:20:21.158915+01:00] php.INFO: Deprecated: PrestaShop\Module\PsAccounts\Vendor\Ramsey\Uuid\UuidFactory::__construct(): Implicitly marking parameter $features as nullable is deprecated, the explicit nullable type must be used instead {"exception":"[object] (ErrorException(code: 0): Deprecated: PrestaShop\\Module\\PsAccounts\\Vendor\\Ramsey\\Uuid\\UuidFactory::__construct(): Implicitly marking parameter $features as nullable is deprecated, the explicit nullable type must be used instead at /var/www/html/modules/ps_accounts/vendor/ramsey/uuid/src/UuidFactory.php:55)"} []
[2026-01-26T05:20:21.190741+01:00] app.DEBUG: Protect vendor folder in module ps_accounts [] []
[2026-01-26T05:20:22.105408+01:00] app.DEBUG: Protect vendor folder in module gsitemap [] []
[2026-01-26T05:20:22.105717+01:00] app.DEBUG: Module gsitemap has no vendor folder [] []
[2026-01-26T05:20:22.653361+01:00] app.DEBUG: Protect vendor folder in module ps_themecusto [] []
[2026-01-26T05:20:22.653575+01:00] app.DEBUG: Module ps_themecusto has no vendor folder [] []
[2026-01-26T05:20:22.871079+01:00] app.DEBUG: Protect vendor folder in module statscheckup [] []
[2026-01-26T05:20:22.871319+01:00] app.DEBUG: Module statscheckup has no vendor folder [] []
[2026-01-26T05:20:23.128023+01:00] app.DEBUG: Protect vendor folder in module ps_checkpayment [] []
[2026-01-26T05:20:23.128265+01:00] app.DEBUG: Module ps_checkpayment has no vendor folder [] []
[2026-01-26T05:20:23.342117+01:00] app.DEBUG: Protect vendor folder in module ps_crossselling [] []
[2026-01-26T05:20:23.342410+01:00] app.DEBUG: Module ps_crossselling has no vendor folder [] []
[2026-01-26T05:20:23.419668+01:00] php.INFO: Deprecated: PrestaShop\Module\PrestashopFacebook\Handler\ErrorHandler\ErrorHandler::isContextInFrontOffice(): Implicitly marking parameter $context as nullable is deprecated, the explicit nullable type must be used instead {"exception":"[object] (ErrorException(code: 0): Deprecated: PrestaShop\\Module\\PrestashopFacebook\\Handler\\ErrorHandler\\ErrorHandler::isContextInFrontOffice(): Implicitly marking parameter $context as nullable is deprecated, the explicit nullable type must be used instead at /var/www/html/modules/ps_facebook/classes/Handler/ErrorHandler/ErrorHandler.php:128)"} []
[2026-01-26T05:20:23.523146+01:00] php.INFO: Deprecated: Constant E_STRICT is deprecated {"exception":"[object] (ErrorException(code: 0): Deprecated: Constant E_STRICT is deprecated at /var/www/html/modules/ps_facebook/classes/Handler/ErrorHandler/ErrorHandler.php:60)"} []
[2026-01-26T05:20:23.523433+01:00] php.INFO: Deprecated: Creation of dynamic property Raven_TransactionStack::$stack is deprecated {"exception":"[object] (ErrorException(code: 0): Deprecated: Creation of dynamic property Raven_TransactionStack::$stack is deprecated at /var/www/html/modules/psxmarketingwithgoogle/vendor/sentry/sentry/lib/Raven/TransactionStack.php:15)"} []
[2026-01-26T05:20:24.065743+01:00] app.DEBUG: Protect vendor folder in module ps_facebook [] []
[2026-01-26T05:20:24.278734+01:00] php.INFO: Deprecated: PrestaShop\PsAccountsInstaller\Installer\Presenter\InstallerPresenter::__construct(): Implicitly marking parameter $context as nullable is deprecated, the explicit nullable type must be used instead {"exception":"[object] (ErrorException(code: 0): Deprecated: PrestaShop\\PsAccountsInstaller\\Installer\\Presenter\\InstallerPresenter::__construct(): Implicitly marking parameter $context as nullable is deprecated, the explicit nullable type must be used instead at /var/www/html/modules/ps_mbo/vendor/prestashop/prestashop-accounts-installer/src/Installer/Presenter/InstallerPresenter.php:25)"} []
[2026-01-26T05:20:24.664047+01:00] php.INFO: User Deprecated: Since PrestaShop\PrestaShop 9: The "prestashop.adapter.cache.clearer.symfony_cache_clearer" service alias is deprecated. You should stop using it, as it will be removed in the future. {"exception":"[object] (ErrorException(code: 0): User Deprecated: Since PrestaShop\\PrestaShop 9: The \"prestashop.adapter.cache.clearer.symfony_cache_clearer\" service alias is deprecated. You should stop using it, as it will be removed in the future. at /var/www/html/var/cache/prod/admin/ContainerZciO9cc/AdminKernelProdContainer.php:5522)"} []
[2026-01-26T05:20:26.416572+01:00] app.DEBUG: Protect vendor folder in module ps_checkout [] []
[2026-01-26T05:20:27.346361+01:00] app.DEBUG: Protect vendor folder in module dashgoals [] []
[2026-01-26T05:20:27.347970+01:00] app.DEBUG: Module dashgoals has no vendor folder [] []
[2026-01-26T05:20:27.626090+01:00] app.DEBUG: Protect vendor folder in module statsproduct [] []
[2026-01-26T05:20:27.626468+01:00] app.DEBUG: Module statsproduct has no vendor folder [] []
[2026-01-26T05:20:27.851368+01:00] app.DEBUG: Protect vendor folder in module statsbestcustomers [] []
[2026-01-26T05:20:27.851634+01:00] app.DEBUG: Module statsbestcustomers has no vendor folder [] []
[2026-01-26T05:20:30.014853+01:00] php.INFO: User Deprecated: Since symfony/validator 6.2: The "loose" mode is deprecated. It will be removed in 7.0 and the default mode will be changed to "html5". {"exception":"[object] (ErrorException(code: 0): User Deprecated: Since symfony/validator 6.2: The \"loose\" mode is deprecated. It will be removed in 7.0 and the default mode will be changed to \"html5\". at /var/www/html/vendor/symfony/validator/Constraints/Email.php:82)"} []
[2026-01-26T05:20:30.015103+01:00] php.INFO: User Deprecated: Since symfony/validator 6.2: The "loose" mode is deprecated. It will be removed in 7.0 and the default mode will be changed to "html5". {"exception":"[object] (ErrorException(code: 0): User Deprecated: Since symfony/validator 6.2: The \"loose\" mode is deprecated. It will be removed in 7.0 and the default mode will be changed to \"html5\". at /var/www/html/vendor/symfony/validator/Constraints/EmailValidator.php:48)"} []
[2026-01-26T05:20:30.016373+01:00] php.INFO: User Deprecated: Since symfony/validator 6.2: The "loose" mode is deprecated. It will be removed in 7.0 and the default mode will be changed to "html5". {"exception":"[object] (ErrorException(code: 0): User Deprecated: Since symfony/validator 6.2: The \"loose\" mode is deprecated. It will be removed in 7.0 and the default mode will be changed to \"html5\". at /var/www/html/vendor/symfony/validator/Constraints/Email.php:82)"} []
[2026-01-26T05:20:30.016532+01:00] php.INFO: User Deprecated: Since symfony/validator 6.2: The "loose" mode is deprecated. It will be removed in 7.0 and the default mode will be changed to "html5". {"exception":"[object] (ErrorException(code: 0): User Deprecated: Since symfony/validator 6.2: The \"loose\" mode is deprecated. It will be removed in 7.0 and the default mode will be changed to \"html5\". at /var/www/html/vendor/symfony/validator/Constraints/EmailValidator.php:48)"} []
[2026-01-26T05:20:43.316339+01:00] app.DEBUG: Protect vendor folder in module ps_facetedsearch [] []
[2026-01-26T05:20:43.317003+01:00] app.DEBUG: Module ps_facetedsearch has no vendor folder [] []
[2026-01-26T05:20:55.225980+01:00] console.CRITICAL: Error thrown while running command "assets:install admin-dev --symlink=1". Message: "The target directory "/var/www/html/admin-dev" does not exist." {"exception":"[object] (Symfony\\Component\\Console\\Exception\\InvalidArgumentException(code: 0): The target directory \"/var/www/html/admin-dev\" does not exist. at /var/www/html/vendor/symfony/framework-bundle/Command/AssetsInstallCommand.php:100)","command":"assets:install admin-dev --symlink=1","message":"The target directory \"/var/www/html/admin-dev\" does not exist."} []
[2026-01-26T05:20:55.252278+01:00] console.DEBUG: Command "assets:install admin-dev --symlink=1" exited with code "1" {"command":"assets:install admin-dev --symlink=1","code":1} []
[2026-01-26T05:20:55.596651+01:00] app.DEBUG: SymfonyCacheClearer: No symfony cache to clear for admin env prod [] []
[2026-01-26T05:20:55.596875+01:00] app.DEBUG: SymfonyCacheClearer: No symfony cache to clear for admin-api env prod [] []
[2026-01-26T05:20:55.596933+01:00] app.DEBUG: SymfonyCacheClearer: No symfony cache to clear for front env prod [] []
[2026-01-26T05:20:55.597240+01:00] app.DEBUG: SymfonyCacheClearer: No symfony cache to clear for admin env dev [] []
[2026-01-26T05:20:55.597287+01:00] app.DEBUG: SymfonyCacheClearer: No symfony cache to clear for admin-api env dev [] []
[2026-01-26T05:20:55.597325+01:00] app.DEBUG: SymfonyCacheClearer: No symfony cache to clear for front env dev [] []
